[2019-07-12T19:17:34.438] [DEBUG] cheese - login => username:admin,password:123456
[2019-07-12T19:17:34.441] [DEBUG] cheese - admin
[2019-07-12T19:17:35.262] [DEBUG] cheese - null
[2019-07-12T19:17:35.264] [DEBUG] cheese - null
[2019-07-13T10:49:46.297] [DEBUG] cheese - login => username:admin,password:123456
[2019-07-13T10:49:46.526] [DEBUG] cheese - admin
[2019-07-13T10:49:51.091] [DEBUG] cheese - null
[2019-07-13T10:49:51.092] [DEBUG] cheese - null
[2019-07-13T15:45:14.796] [DEBUG] cheese - login => username:zs,password:123456
[2019-07-13T15:45:16.095] [DEBUG] cheese - zs
[2019-07-13T15:45:22.325] [DEBUG] cheese - login => username:zs,password:123456
[2019-07-13T15:45:22.326] [DEBUG] cheese - zs
[2019-07-13T15:45:27.832] [DEBUG] cheese - login => username:zs,password:123456
[2019-07-13T15:45:27.833] [DEBUG] cheese - zs
[2019-07-13T15:45:28.732] [DEBUG] cheese - login => username:zs,password:123456
[2019-07-13T15:45:28.732] [DEBUG] cheese - zs
[2019-07-13T15:45:30.606] [DEBUG] cheese - login => username:zs,password:123456
[2019-07-13T15:45:30.606] [DEBUG] cheese - zs
[2019-07-13T15:45:30.610] [DEBUG] cheese - login => username:zs,password:123456
[2019-07-13T15:45:30.610] [DEBUG] cheese - zs
[2019-07-13T15:45:31.152] [DEBUG] cheese - null
[2019-07-13T15:45:31.193] [DEBUG] cheese - null
[2019-07-13T15:45:31.227] [DEBUG] cheese - null
[2019-07-13T15:45:31.227] [DEBUG] cheese - null
[2019-07-13T15:45:31.262] [DEBUG] cheese - null
[2019-07-13T15:45:31.262] [DEBUG] cheese - null
[2019-07-13T15:45:32.405] [DEBUG] cheese - null
[2019-07-13T15:45:32.425] [DEBUG] cheese - null
[2019-07-13T15:45:32.427] [DEBUG] cheese - null
[2019-07-13T15:45:32.427] [DEBUG] cheese - null
[2019-07-13T15:45:32.507] [DEBUG] cheese - null
[2019-07-13T15:45:32.507] [DEBUG] cheese - null
[2019-07-13T15:45:53.150] [DEBUG] cheese - login => username:zs,password:123456
[2019-07-13T15:45:53.151] [DEBUG] cheese - zs
[2019-07-13T15:45:53.174] [DEBUG] cheese - null
[2019-07-13T15:45:53.174] [DEBUG] cheese - null
[2019-07-13T15:46:18.887] [DEBUG] cheese - login => username:admin,password:123456
[2019-07-13T15:46:18.887] [DEBUG] cheese - admin
[2019-07-13T15:46:19.072] [DEBUG] cheese - null
[2019-07-13T15:46:19.072] [DEBUG] cheese - null
[2019-07-13T17:01:28.153] [DEBUG] cheese - login => username:admin,password:123456
[2019-07-13T17:01:29.195] [DEBUG] cheese - admin
[2019-07-13T17:01:46.805] [DEBUG] cheese - null
[2019-07-13T17:01:46.882] [DEBUG] cheese - null
[2019-07-13T18:43:11.270] [DEBUG] cheese - login => username:admin,password:123456
[2019-07-13T18:43:11.935] [DEBUG] cheese - admin
[2019-07-13T18:43:23.579] [DEBUG] cheese - null
[2019-07-13T18:43:23.643] [DEBUG] cheese - null
[2019-07-13T19:26:54.697] [DEBUG] cheese - login => username:admin,password:123456
[2019-07-13T19:26:54.927] [DEBUG] cheese - admin
[2019-07-13T19:27:00.567] [DEBUG] cheese - null
[2019-07-13T19:27:00.567] [DEBUG] cheese - null
[2019-07-15T09:36:08.985] [DEBUG] cheese - login => username:admin,password:123456
[2019-07-15T09:36:09.317] [DEBUG] cheese - admin
[2019-07-15T09:36:14.202] [DEBUG] cheese - null
[2019-07-15T09:36:14.225] [DEBUG] cheese - null
[2019-07-15T10:10:54.829] [DEBUG] cheese - login => username:admin,password:123456
[2019-07-15T10:10:54.829] [DEBUG] cheese - admin
[2019-07-15T10:10:55.197] [DEBUG] cheese - null
[2019-07-15T10:10:55.197] [DEBUG] cheese - null
[2019-07-15T11:26:30.129] [DEBUG] cheese - login => username:admin,password:123456
[2019-07-15T11:26:30.716] [DEBUG] cheese - admin
[2019-07-15T11:26:34.511] [DEBUG] cheese - null
[2019-07-15T11:26:34.537] [DEBUG] cheese - null
[2019-07-16T10:19:29.238] [DEBUG] cheese - login => username:admin,password:123456
[2019-07-16T10:19:29.295] [DEBUG] cheese - admin
[2019-07-16T10:19:29.729] [DEBUG] cheese - null
[2019-07-16T10:19:29.731] [DEBUG] cheese - null
[2019-07-16T18:50:49.919] [DEBUG] cheese - null
[2019-07-18T09:14:32.565] [DEBUG] cheese - login => username:admin,password:123456
[2019-07-18T09:14:32.586] [DEBUG] cheese - admin
[2019-07-18T09:14:33.726] [DEBUG] cheese - null
[2019-07-18T09:14:33.730] [DEBUG] cheese - null
[2019-07-18T11:33:09.877] [DEBUG] cheese - login => username:admin,password:123456
[2019-07-18T11:33:10.024] [DEBUG] cheese - admin
[2019-07-18T11:33:11.115] [DEBUG] cheese - null
[2019-07-18T11:33:11.128] [DEBUG] cheese - null
[2019-07-18T14:15:10.561] [DEBUG] cheese - login => username:admin,password:123456
[2019-07-18T14:15:10.790] [DEBUG] cheese - admin
[2019-07-18T14:15:10.890] [DEBUG] cheese - null
[2019-07-18T14:15:10.911] [DEBUG] cheese - null
[2019-07-18T15:47:48.405] [DEBUG] cheese - login => username:admin,password:123456
[2019-07-18T15:47:48.586] [DEBUG] cheese - admin
[2019-07-18T15:47:48.670] [DEBUG] cheese - login => username:admin,password:123456
[2019-07-18T15:47:48.670] [DEBUG] cheese - admin
[2019-07-18T15:47:48.931] [DEBUG] cheese - null
[2019-07-18T15:47:48.931] [DEBUG] cheese - null
[2019-07-18T15:47:49.222] [DEBUG] cheese - null
[2019-07-18T15:47:49.222] [DEBUG] cheese - null
[2019-07-18T15:51:29.933] [DEBUG] cheese - login => username:admin,password:123456
[2019-07-18T15:51:29.933] [DEBUG] cheese - admin
[2019-07-18T15:51:29.942] [DEBUG] cheese - null
[2019-07-18T15:51:29.942] [DEBUG] cheese - null
[2019-07-18T19:55:53.821] [DEBUG] cheese - login => username:admin,password:123456
[2019-07-18T19:55:53.862] [DEBUG] cheese - admin
[2019-07-18T19:55:54.097] [DEBUG] cheese - null
[2019-07-18T19:55:54.097] [DEBUG] cheese - null
[2019-07-18T20:14:42.321] [DEBUG] cheese - login => username:admin,password:123456
[2019-07-18T20:14:42.322] [DEBUG] cheese - admin
[2019-07-18T20:14:42.334] [DEBUG] cheese - null
[2019-07-18T20:14:42.334] [DEBUG] cheese - null
[2019-07-19T11:01:40.625] [DEBUG] cheese - login => username:admin,password:123456
[2019-07-19T11:01:40.645] [DEBUG] cheese - admin
[2019-07-19T11:01:40.921] [DEBUG] cheese - null
[2019-07-19T11:01:40.923] [DEBUG] cheese - null
[2019-07-21T09:37:18.915] [DEBUG] cheese - login => username:admin,password:123456
[2019-07-21T09:37:18.934] [DEBUG] cheese - admin
[2019-07-21T09:37:19.302] [DEBUG] cheese - null
[2019-07-21T09:37:19.305] [DEBUG] cheese - null
[2019-07-22T09:34:19.738] [DEBUG] cheese - login => username:admin,password:123456
[2019-07-22T09:34:19.759] [DEBUG] cheese - admin
[2019-07-22T09:34:20.252] [DEBUG] cheese - null
[2019-07-22T09:34:20.254] [DEBUG] cheese - null
[2019-07-22T11:04:44.162] [DEBUG] cheese - null
[2019-07-22T13:56:46.711] [DEBUG] cheese - null
[2019-07-22T13:57:09.148] [DEBUG] cheese - null
[2019-07-22T13:58:11.694] [DEBUG] cheese - null
[2019-09-10T20:18:57.481] [DEBUG] cheese - login => username:admin,password:123456
[2019-09-10T20:18:57.500] [DEBUG] cheese - admin
[2019-09-10T20:18:57.600] [DEBUG] cheese - null
[2019-09-10T20:18:57.602] [DEBUG] cheese - null
[2019-09-10T21:56:47.199] [DEBUG] cheese - login => username:admin,password:123456
[2019-09-10T21:56:47.381] [DEBUG] cheese - admin
[2019-09-10T21:56:47.999] [DEBUG] cheese - null
[2019-09-10T21:56:47.999] [DEBUG] cheese - null
